Analysis & Synthesis report for fractal
Wed Jun 24 20:23:22 2015
Quartus II Version 9.1 Build 350 03/24/2010 Service Pack 2 SJ Web Edition


---------------------
; Table of Contents ;
---------------------
  1. Legal Notice
  2. Analysis & Synthesis Summary
  3. Analysis & Synthesis Settings
  4. Parallel Compilation
  5. Analysis & Synthesis Source Files Read
  6. Analysis & Synthesis Resource Usage Summary
  7. Analysis & Synthesis Resource Utilization by Entity
  8. Analysis & Synthesis RAM Summary
  9. Analysis & Synthesis DSP Block Usage Summary
 10. State Machine - |fractal|control:ctrl|cur_state
 11. Registers Removed During Synthesis
 12. General Register Statistics
 13. Multiplexer Restructuring Statistics (Restructuring Performed)
 14. Source assignments for constMem:memX|altsyncram:altsyncram_component|altsyncram_59p1:auto_generated
 15. Source assignments for constMem:memY|altsyncram:altsyncram_component|altsyncram_59p1:auto_generated
 16. Parameter Settings for User Entity Instance: constMem:memX|altsyncram:altsyncram_component
 17. Parameter Settings for User Entity Instance: constMem:memY|altsyncram:altsyncram_component
 18. Parameter Settings for User Entity Instance: memory_control:memCtrl|VGA:vga0
 19. Parameter Settings for Inferred Entity Instance: mandelbrot:math|lpm_mult:Mult0
 20. Parameter Settings for Inferred Entity Instance: mandelbrot:math|lpm_mult:Mult1
 21. Parameter Settings for Inferred Entity Instance: mandelbrot:math|lpm_mult:Mult2
 22. altsyncram Parameter Settings by Entity Instance
 23. lpm_mult Parameter Settings by Entity Instance
 24. Port Connectivity Checks: "memory_control:memCtrl|VGA:vga0"
 25. Analysis & Synthesis Messages



----------------
; Legal Notice ;
----------------
Copyright (C) 1991-2010 Altera Corporation
Your use of Altera Corporation's design tools, logic functions 
and other software and tools, and its AMPP partner logic 
functions, and any output files from any of the foregoing 
(including device programming or simulation files), and any 
associated documentation or information are expressly subject 
to the terms and conditions of the Altera Program License 
Subscription Agreement, Altera MegaCore Function License 
Agreement, or other applicable license agreement, including, 
without limitation, that your use is for the sole purpose of 
programming logic devices manufactured by Altera and sold by 
Altera or its authorized distributors.  Please refer to the 
applicable agreement for further details.



+-----------------------------------------------------------------------------------+
; Analysis & Synthesis Summary                                                      ;
+------------------------------------+----------------------------------------------+
; Analysis & Synthesis Status        ; Successful - Wed Jun 24 20:23:22 2015        ;
; Quartus II Version                 ; 9.1 Build 350 03/24/2010 SP 2 SJ Web Edition ;
; Revision Name                      ; fractal                                      ;
; Top-level Entity Name              ; fractal                                      ;
; Family                             ; Cyclone II                                   ;
; Total logic elements               ; 1,650                                        ;
;     Total combinational functions  ; 1,639                                        ;
;     Dedicated logic registers      ; 488                                          ;
; Total registers                    ; 488                                          ;
; Total pins                         ; 71                                           ;
; Total virtual pins                 ; 0                                            ;
; Total memory bits                  ; 73,728                                       ;
; Embedded Multiplier 9-bit elements ; 24                                           ;
; Total PLLs                         ; 0                                            ;
+------------------------------------+----------------------------------------------+


+----------------------------------------------------------------------------------------------------------------------+
; Analysis & Synthesis Settings                                                                                        ;
+----------------------------------------------------------------------------+--------------------+--------------------+
; Option                                                                     ; Setting            ; Default Value      ;
+----------------------------------------------------------------------------+--------------------+--------------------+
; Device                                                                     ; EP2C20F484C7       ;                    ;
; Top-level entity name                                                      ; fractal            ; fractal            ;
; Family name                                                                ; Cyclone II         ; Stratix II         ;
; Use Generated Physical Constraints File                                    ; Off                ;                    ;
; Use smart compilation                                                      ; Off                ; Off                ;
; Enable parallel Assembler and TimeQuest Timing Analyzer during compilation ; On                 ; On                 ;
; Enable compact report table                                                ; Off                ; Off                ;
; Restructure Multiplexers                                                   ; Auto               ; Auto               ;
; Create Debugging Nodes for IP Cores                                        ; Off                ; Off                ;
; Preserve fewer node names                                                  ; On                 ; On                 ;
; Disable OpenCore Plus hardware evaluation                                  ; Off                ; Off                ;
; Verilog Version                                                            ; Verilog_2001       ; Verilog_2001       ;
; VHDL Version                                                               ; VHDL_1993          ; VHDL_1993          ;
; State Machine Processing                                                   ; Auto               ; Auto               ;
; Safe State Machine                                                         ; Off                ; Off                ;
; Extract Verilog State Machines                                             ; On                 ; On                 ;
; Extract VHDL State Machines                                                ; On                 ; On                 ;
; Ignore Verilog initial constructs                                          ; Off                ; Off                ;
; Iteration limit for constant Verilog loops                                 ; 5000               ; 5000               ;
; Iteration limit for non-constant Verilog loops                             ; 250                ; 250                ;
; Add Pass-Through Logic to Inferred RAMs                                    ; On                 ; On                 ;
; Parallel Synthesis                                                         ; On                 ; On                 ;
; DSP Block Balancing                                                        ; Auto               ; Auto               ;
; NOT Gate Push-Back                                                         ; On                 ; On                 ;
; Power-Up Don't Care                                                        ; On                 ; On                 ;
; Remove Redundant Logic Cells                                               ; Off                ; Off                ;
; Remove Duplicate Registers                                                 ; On                 ; On                 ;
; Ignore CARRY Buffers                                                       ; Off                ; Off                ;
; Ignore CASCADE Buffers                                                     ; Off                ; Off                ;
; Ignore GLOBAL Buffers                                                      ; Off                ; Off                ;
; Ignore ROW GLOBAL Buffers                                                  ; Off                ; Off                ;
; Ignore LCELL Buffers                                                       ; Off                ; Off                ;
; Ignore SOFT Buffers                                                        ; On                 ; On                 ;
; Limit AHDL Integers to 32 Bits                                             ; Off                ; Off                ;
; Optimization Technique                                                     ; Balanced           ; Balanced           ;
; Carry Chain Length                                                         ; 70                 ; 70                 ;
; Auto Carry Chains                                                          ; On                 ; On                 ;
; Auto Open-Drain Pins                                                       ; On                 ; On                 ;
; Perform WYSIWYG Primitive Resynthesis                                      ; Off                ; Off                ;
; Auto ROM Replacement                                                       ; On                 ; On                 ;
; Auto RAM Replacement                                                       ; On                 ; On                 ;
; Auto Shift Register Replacement                                            ; Auto               ; Auto               ;
; Auto Clock Enable Replacement                                              ; On                 ; On                 ;
; Strict RAM Replacement                                                     ; Off                ; Off                ;
; Allow Synchronous Control Signals                                          ; On                 ; On                 ;
; Force Use of Synchronous Clear Signals                                     ; Off                ; Off                ;
; Auto RAM to Logic Cell Conversion                                          ; Off                ; Off                ;
; Auto Resource Sharing                                                      ; Off                ; Off                ;
; Allow Any RAM Size For Recognition                                         ; Off                ; Off                ;
; Allow Any ROM Size For Recognition                                         ; Off                ; Off                ;
; Allow Any Shift Register Size For Recognition                              ; Off                ; Off                ;
; Use LogicLock Constraints during Resource Balancing                        ; On                 ; On                 ;
; Ignore translate_off and synthesis_off directives                          ; Off                ; Off                ;
; Timing-Driven Synthesis                                                    ; Off                ; Off                ;
; Show Parameter Settings Tables in Synthesis Report                         ; On                 ; On                 ;
; Ignore Maximum Fan-Out Assignments                                         ; Off                ; Off                ;
; Synchronization Register Chain Length                                      ; 2                  ; 2                  ;
; PowerPlay Power Optimization                                               ; Normal compilation ; Normal compilation ;
; HDL message level                                                          ; Level2             ; Level2             ;
; Suppress Register Optimization Related Messages                            ; Off                ; Off                ;
; Number of Removed Registers Reported in Synthesis Report                   ; 5000               ; 5000               ;
; Number of Inverted Registers Reported in Synthesis Report                  ; 100                ; 100                ;
; Clock MUX Protection                                                       ; On                 ; On                 ;
; Auto Gated Clock Conversion                                                ; Off                ; Off                ;
; Block Design Naming                                                        ; Auto               ; Auto               ;
; SDC constraint protection                                                  ; Off                ; Off                ;
; Synthesis Effort                                                           ; Auto               ; Auto               ;
; Shift Register Replacement - Allow Asynchronous Clear Signal               ; On                 ; On                 ;
; Analysis & Synthesis Message Level                                         ; Medium             ; Medium             ;
; Disable Register Merging Across Hierarchies                                ; Auto               ; Auto               ;
; Resource Aware Inference For Block RAM                                     ; On                 ; On                 ;
+----------------------------------------------------------------------------+--------------------+--------------------+


Parallel compilation was disabled, but you have multiple processors available. Enable parallel compilation to reduce compilation time.
+-------------------------------------+
; Parallel Compilation                ;
+----------------------------+--------+
; Processors                 ; Number ;
+----------------------------+--------+
; Number detected on machine ; 4      ;
; Maximum allowed            ; 1      ;
+----------------------------+--------+


+----------------------------------------------------------------------------------------------------------------------------------------------------+
; Analysis & Synthesis Source Files Read                                                                                                             ;
+----------------------------------+-----------------+------------------------------+----------------------------------------------------------------+
; File Name with User-Entered Path ; Used in Netlist ; File Type                    ; File Name with Absolute Path                                   ;
+----------------------------------+-----------------+------------------------------+----------------------------------------------------------------+
; memory_control.vhd               ; yes             ; User VHDL File               ; C:/Users/ra138889/Desktop/projeto/memory_control.vhd           ;
; VGA.vhd                          ; yes             ; User VHDL File               ; C:/Users/ra138889/Desktop/projeto/VGA.vhd                      ;
; fixed_float_types_c.vhdl         ; yes             ; User VHDL File               ; C:/Users/ra138889/Desktop/projeto/fixed_float_types_c.vhdl     ;
; fixed_pkg_c.vhdl                 ; yes             ; User VHDL File               ; C:/Users/ra138889/Desktop/projeto/fixed_pkg_c.vhdl             ;
; mandelbrot.vhd                   ; yes             ; User VHDL File               ; C:/Users/ra138889/Desktop/projeto/mandelbrot.vhd               ;
; control.vhd                      ; yes             ; User VHDL File               ; C:/Users/ra138889/Desktop/projeto/control.vhd                  ;
; fractal.vhd                      ; yes             ; User VHDL File               ; C:/Users/ra138889/Desktop/projeto/fractal.vhd                  ;
; constMem.vhd                     ; yes             ; User Wizard-Generated File   ; C:/Users/ra138889/Desktop/projeto/constMem.vhd                 ;
; edge.vhd                         ; yes             ; User VHDL File               ; C:/Users/ra138889/Desktop/projeto/edge.vhd                     ;
; altsyncram.tdf                   ; yes             ; Megafunction                 ; c:/altera/91sp2/quartus/libraries/megafunctions/altsyncram.tdf ;
; db/altsyncram_59p1.tdf           ; yes             ; Auto-Generated Megafunction  ; C:/Users/ra138889/Desktop/projeto/db/altsyncram_59p1.tdf       ;
; lpm_mult.tdf                     ; yes             ; Megafunction                 ; c:/altera/91sp2/quartus/libraries/megafunctions/lpm_mult.tdf   ;
; db/mult_p1t.tdf                  ; yes             ; Auto-Generated Megafunction  ; C:/Users/ra138889/Desktop/projeto/db/mult_p1t.tdf              ;
+----------------------------------+-----------------+------------------------------+----------------------------------------------------------------+


+-----------------------------------------------------------+
; Analysis & Synthesis Resource Usage Summary               ;
+---------------------------------------------+-------------+
; Resource                                    ; Usage       ;
+---------------------------------------------+-------------+
; Estimated Total logic elements              ; 1,650       ;
;                                             ;             ;
; Total combinational functions               ; 1639        ;
; Logic element usage by number of LUT inputs ;             ;
;     -- 4 input functions                    ; 315         ;
;     -- 3 input functions                    ; 930         ;
;     -- <=2 input functions                  ; 394         ;
;                                             ;             ;
; Logic elements by mode                      ;             ;
;     -- normal mode                          ; 697         ;
;     -- arithmetic mode                      ; 942         ;
;                                             ;             ;
; Total registers                             ; 488         ;
;     -- Dedicated logic registers            ; 488         ;
;     -- I/O registers                        ; 0           ;
;                                             ;             ;
; I/O pins                                    ; 71          ;
; Total memory bits                           ; 73728       ;
; Embedded Multiplier 9-bit elements          ; 24          ;
; Maximum fan-out node                        ; CLOCK_24[0] ;
; Maximum fan-out                             ; 560         ;
; Total fan-out                               ; 8873        ;
; Average fan-out                             ; 3.87        ;
+---------------------------------------------+-------------+


+--------------------------------------------------------------------------------------------------------------------------------------------------------------------------------------------------------------------------------------------------------------+
; Analysis & Synthesis Resource Utilization by Entity                                                                                                                                                                                                          ;
+-------------------------------------------+-------------------+--------------+-------------+--------------+---------+-----------+------+--------------+---------------------------------------------------------------------------------------+--------------+
; Compilation Hierarchy Node                ; LC Combinationals ; LC Registers ; Memory Bits ; DSP Elements ; DSP 9x9 ; DSP 18x18 ; Pins ; Virtual Pins ; Full Hierarchy Name                                                                   ; Library Name ;
+-------------------------------------------+-------------------+--------------+-------------+--------------+---------+-----------+------+--------------+---------------------------------------------------------------------------------------+--------------+
; |fractal                                  ; 1639 (1)          ; 488 (0)      ; 73728       ; 24           ; 0       ; 12        ; 71   ; 0            ; |fractal                                                                              ; work         ;
;    |constMem:memX|                        ; 0 (0)             ; 0 (0)        ; 36864       ; 0            ; 0       ; 0         ; 0    ; 0            ; |fractal|constMem:memX                                                                ;              ;
;       |altsyncram:altsyncram_component|   ; 0 (0)             ; 0 (0)        ; 36864       ; 0            ; 0       ; 0         ; 0    ; 0            ; |fractal|constMem:memX|altsyncram:altsyncram_component                                ;              ;
;          |altsyncram_59p1:auto_generated| ; 0 (0)             ; 0 (0)        ; 36864       ; 0            ; 0       ; 0         ; 0    ; 0            ; |fractal|constMem:memX|altsyncram:altsyncram_component|altsyncram_59p1:auto_generated ;              ;
;    |constMem:memY|                        ; 0 (0)             ; 0 (0)        ; 36864       ; 0            ; 0       ; 0         ; 0    ; 0            ; |fractal|constMem:memY                                                                ;              ;
;       |altsyncram:altsyncram_component|   ; 0 (0)             ; 0 (0)        ; 36864       ; 0            ; 0       ; 0         ; 0    ; 0            ; |fractal|constMem:memY|altsyncram:altsyncram_component                                ;              ;
;          |altsyncram_59p1:auto_generated| ; 0 (0)             ; 0 (0)        ; 36864       ; 0            ; 0       ; 0         ; 0    ; 0            ; |fractal|constMem:memY|altsyncram:altsyncram_component|altsyncram_59p1:auto_generated ;              ;
;    |control:ctrl|                         ; 851 (845)         ; 306 (300)    ; 0           ; 0            ; 0       ; 0         ; 0    ; 0            ; |fractal|control:ctrl                                                                 ;              ;
;       |edge:detector1|                    ; 2 (2)             ; 2 (2)        ; 0           ; 0            ; 0       ; 0         ; 0    ; 0            ; |fractal|control:ctrl|edge:detector1                                                  ;              ;
;       |edge:detector2|                    ; 2 (2)             ; 2 (2)        ; 0           ; 0            ; 0       ; 0         ; 0    ; 0            ; |fractal|control:ctrl|edge:detector2                                                  ;              ;
;       |edge:detector3|                    ; 2 (2)             ; 2 (2)        ; 0           ; 0            ; 0       ; 0         ; 0    ; 0            ; |fractal|control:ctrl|edge:detector3                                                  ;              ;
;    |mandelbrot:math|                      ; 668 (346)         ; 106 (106)    ; 0           ; 24           ; 0       ; 12        ; 0    ; 0            ; |fractal|mandelbrot:math                                                              ;              ;
;       |lpm_mult:Mult0|                    ; 108 (0)           ; 0 (0)        ; 0           ; 8            ; 0       ; 4         ; 0    ; 0            ; |fractal|mandelbrot:math|lpm_mult:Mult0                                               ;              ;
;          |mult_p1t:auto_generated|        ; 108 (108)         ; 0 (0)        ; 0           ; 8            ; 0       ; 4         ; 0    ; 0            ; |fractal|mandelbrot:math|lpm_mult:Mult0|mult_p1t:auto_generated                       ;              ;
;       |lpm_mult:Mult1|                    ; 108 (0)           ; 0 (0)        ; 0           ; 8            ; 0       ; 4         ; 0    ; 0            ; |fractal|mandelbrot:math|lpm_mult:Mult1                                               ;              ;
;          |mult_p1t:auto_generated|        ; 108 (108)         ; 0 (0)        ; 0           ; 8            ; 0       ; 4         ; 0    ; 0            ; |fractal|mandelbrot:math|lpm_mult:Mult1|mult_p1t:auto_generated                       ;              ;
;       |lpm_mult:Mult2|                    ; 106 (0)           ; 0 (0)        ; 0           ; 8            ; 0       ; 4         ; 0    ; 0            ; |fractal|mandelbrot:math|lpm_mult:Mult2                                               ;              ;
;          |mult_p1t:auto_generated|        ; 106 (106)         ; 0 (0)        ; 0           ; 8            ; 0       ; 4         ; 0    ; 0            ; |fractal|mandelbrot:math|lpm_mult:Mult2|mult_p1t:auto_generated                       ;              ;
;    |memory_control:memCtrl|               ; 119 (82)          ; 76 (40)      ; 0           ; 0            ; 0       ; 0         ; 0    ; 0            ; |fractal|memory_control:memCtrl                                                       ;              ;
;       |VGA:vga0|                          ; 37 (37)           ; 36 (36)      ; 0           ; 0            ; 0       ; 0         ; 0    ; 0            ; |fractal|memory_control:memCtrl|VGA:vga0                                              ;              ;
+-------------------------------------------+-------------------+--------------+-------------+--------------+---------+-----------+------+--------------+---------------------------------------------------------------------------------------+--------------+
Note: For table entries with two numbers listed, the numbers in parentheses indicate the number of resources of the given type used by the specific entity alone. The numbers listed outside of parentheses indicate the total resources of the given type used by the specific entity and all of its sub-entities in the hierarchy.


+----------------------------------------------------------------------------------------------------------------------------------------------------------------------------------------------+
; Analysis & Synthesis RAM Summary                                                                                                                                                             ;
+-----------------------------------------------------------------------------------------+------+------------------+--------------+--------------+--------------+--------------+-------+------+
; Name                                                                                    ; Type ; Mode             ; Port A Depth ; Port A Width ; Port B Depth ; Port B Width ; Size  ; MIF  ;
+-----------------------------------------------------------------------------------------+------+------------------+--------------+--------------+--------------+--------------+-------+------+
; constMem:memX|altsyncram:altsyncram_component|altsyncram_59p1:auto_generated|ALTSYNCRAM ; AUTO ; Simple Dual Port ; 1024         ; 36           ; 1024         ; 36           ; 36864 ; None ;
; constMem:memY|altsyncram:altsyncram_component|altsyncram_59p1:auto_generated|ALTSYNCRAM ; AUTO ; Simple Dual Port ; 1024         ; 36           ; 1024         ; 36           ; 36864 ; None ;
+-----------------------------------------------------------------------------------------+------+------------------+--------------+--------------+--------------+--------------+-------+------+


+-----------------------------------------------------+
; Analysis & Synthesis DSP Block Usage Summary        ;
+---------------------------------------+-------------+
; Statistic                             ; Number Used ;
+---------------------------------------+-------------+
; Simple Multipliers (9-bit)            ; 0           ;
; Simple Multipliers (18-bit)           ; 12          ;
; Embedded Multiplier Blocks            ; --          ;
; Embedded Multiplier 9-bit elements    ; 24          ;
; Signed Embedded Multipliers           ; 3           ;
; Unsigned Embedded Multipliers         ; 3           ;
; Mixed Sign Embedded Multipliers       ; 6           ;
; Variable Sign Embedded Multipliers    ; 0           ;
; Dedicated Input Shift Register Chains ; 0           ;
+---------------------------------------+-------------+
Note: number of Embedded Multiplier Blocks used is only available after a successful fit.


Encoding Type:  One-Hot
+----------------------------------------------------------------------------------------------------------------------------------------------+
; State Machine - |fractal|control:ctrl|cur_state                                                                                              ;
+----------------------------+-----------------+----------------------------+-----------------------+------------------------+-----------------+
; Name                       ; cur_state.Final ; cur_state.Write_Pixel_Wait ; cur_state.Write_Pixel ; cur_state.Write_Memory ; cur_state.Start ;
+----------------------------+-----------------+----------------------------+-----------------------+------------------------+-----------------+
; cur_state.Start            ; 0               ; 0                          ; 0                     ; 0                      ; 0               ;
; cur_state.Write_Memory     ; 0               ; 0                          ; 0                     ; 1                      ; 1               ;
; cur_state.Write_Pixel      ; 0               ; 0                          ; 1                     ; 0                      ; 1               ;
; cur_state.Write_Pixel_Wait ; 0               ; 1                          ; 0                     ; 0                      ; 1               ;
; cur_state.Final            ; 1               ; 0                          ; 0                     ; 0                      ; 1               ;
+----------------------------+-----------------+----------------------------+-----------------------+------------------------+-----------------+


+---------------------------------------------------------------------------------+
; Registers Removed During Synthesis                                              ;
+----------------------------------------+----------------------------------------+
; Register name                          ; Reason for Removal                     ;
+----------------------------------------+----------------------------------------+
; control:ctrl|h_pixel[3]                ; Stuck at GND due to stuck port data_in ;
; control:ctrl|w_pixel[3]                ; Stuck at GND due to stuck port data_in ;
; memory_control:memCtrl|HEX0[0..1]      ; Stuck at VCC due to stuck port data_in ;
; mandelbrot:math|HEX1[0]                ; Stuck at VCC due to stuck port data_in ;
; control:ctrl|w_pixel[2]                ; Merged with control:ctrl|h_pixel[2]    ;
; control:ctrl|w_pixel[1]                ; Merged with control:ctrl|h_pixel[1]    ;
; control:ctrl|w_pixel[0]                ; Merged with control:ctrl|h_pixel[0]    ;
; control:ctrl|h_pixel[0..2]             ; Stuck at GND due to stuck port data_in ;
; control:ctrl|h_pixel[-1]               ; Stuck at GND due to stuck port data_in ;
; control:ctrl|w_pixel[-1]               ; Stuck at GND due to stuck port data_in ;
; control:ctrl|h_pixel[-2]               ; Stuck at GND due to stuck port data_in ;
; control:ctrl|w_pixel[-2]               ; Stuck at GND due to stuck port data_in ;
; control:ctrl|h_pixel[-3]               ; Stuck at GND due to stuck port data_in ;
; control:ctrl|w_pixel[-3]               ; Stuck at GND due to stuck port data_in ;
; control:ctrl|h_pixel[-4]               ; Stuck at GND due to stuck port data_in ;
; control:ctrl|w_pixel[-4]               ; Stuck at GND due to stuck port data_in ;
; control:ctrl|h_pixel[-5]               ; Stuck at GND due to stuck port data_in ;
; control:ctrl|w_pixel[-5]               ; Stuck at GND due to stuck port data_in ;
; control:ctrl|h_pixel[-6]               ; Stuck at GND due to stuck port data_in ;
; control:ctrl|w_pixel[-6]               ; Stuck at GND due to stuck port data_in ;
; control:ctrl|h_pixel[-7]               ; Stuck at GND due to stuck port data_in ;
; control:ctrl|w_pixel[-7]               ; Stuck at GND due to stuck port data_in ;
; control:ctrl|w_pixel[-8]               ; Merged with control:ctrl|h_pixel[-8]   ;
; control:ctrl|w_pixel[-9]               ; Merged with control:ctrl|h_pixel[-9]   ;
; control:ctrl|w_pixel[-10]              ; Merged with control:ctrl|h_pixel[-10]  ;
; Total Number of Removed Registers = 28 ;                                        ;
+----------------------------------------+----------------------------------------+


+------------------------------------------------------+
; General Register Statistics                          ;
+----------------------------------------------+-------+
; Statistic                                    ; Value ;
+----------------------------------------------+-------+
; Total registers                              ; 488   ;
; Number of registers using Synchronous Clear  ; 224   ;
; Number of registers using Synchronous Load   ; 147   ;
; Number of registers using Asynchronous Clear ; 106   ;
; Number of registers using Asynchronous Load  ; 0     ;
; Number of registers using Clock Enable       ; 364   ;
; Number of registers using Preset             ; 0     ;
+----------------------------------------------+-------+


+------------------------------------------------------------------------------------------------------------------------------------------------------------------+
; Multiplexer Restructuring Statistics (Restructuring Performed)                                                                                                   ;
+--------------------+-----------+---------------+----------------------+------------------------+------------+----------------------------------------------------+
; Multiplexer Inputs ; Bus Width ; Baseline Area ; Area if Restructured ; Saving if Restructured ; Registered ; Example Multiplexer Output                         ;
+--------------------+-----------+---------------+----------------------+------------------------+------------+----------------------------------------------------+
; 3:1                ; 18 bits   ; 36 LEs        ; 18 LEs               ; 18 LEs                 ; Yes        ; |fractal|memory_control:memCtrl|addr_read[10]      ;
; 3:1                ; 11 bits   ; 22 LEs        ; 11 LEs               ; 11 LEs                 ; Yes        ; |fractal|memory_control:memCtrl|VGA:vga0|Hcount[0] ;
; 4:1                ; 46 bits   ; 92 LEs        ; 46 LEs               ; 46 LEs                 ; Yes        ; |fractal|control:ctrl|w_pixel[-17]                 ;
; 4:1                ; 11 bits   ; 22 LEs        ; 11 LEs               ; 11 LEs                 ; Yes        ; |fractal|memory_control:memCtrl|VGA:vga0|Vcount[3] ;
; 4:1                ; 10 bits   ; 20 LEs        ; 10 LEs               ; 10 LEs                 ; Yes        ; |fractal|control:ctrl|y_counter[6]                 ;
; 4:1                ; 2 bits    ; 4 LEs         ; 4 LEs                ; 0 LEs                  ; Yes        ; |fractal|control:ctrl|y_int_const[3]               ;
; 5:1                ; 18 bits   ; 54 LEs        ; 18 LEs               ; 36 LEs                 ; Yes        ; |fractal|memory_control:memCtrl|addr_write[15]     ;
; 5:1                ; 10 bits   ; 30 LEs        ; 10 LEs               ; 20 LEs                 ; Yes        ; |fractal|control:ctrl|x_counter[4]                 ;
; 7:1                ; 35 bits   ; 140 LEs       ; 105 LEs              ; 35 LEs                 ; Yes        ; |fractal|control:ctrl|y_int_const[-31]             ;
; 7:1                ; 35 bits   ; 140 LEs       ; 105 LEs              ; 35 LEs                 ; Yes        ; |fractal|control:ctrl|x_int_const[-15]             ;
; 7:1                ; 36 bits   ; 144 LEs       ; 72 LEs               ; 72 LEs                 ; Yes        ; |fractal|control:ctrl|y_com_min[-26]               ;
; 7:1                ; 36 bits   ; 144 LEs       ; 72 LEs               ; 72 LEs                 ; Yes        ; |fractal|control:ctrl|y_com_max[-14]               ;
; 12:1               ; 36 bits   ; 288 LEs       ; 144 LEs              ; 144 LEs                ; Yes        ; |fractal|control:ctrl|x_com_min[-32]               ;
; 13:1               ; 36 bits   ; 288 LEs       ; 144 LEs              ; 144 LEs                ; Yes        ; |fractal|control:ctrl|x_com_max[-10]               ;
; 4:1                ; 36 bits   ; 72 LEs        ; 72 LEs               ; 0 LEs                  ; Yes        ; |fractal|mandelbrot:math|y[-18]                    ;
; 4:1                ; 36 bits   ; 72 LEs        ; 72 LEs               ; 0 LEs                  ; Yes        ; |fractal|mandelbrot:math|x[-2]                     ;
; 4:1                ; 3 bits    ; 6 LEs         ; 6 LEs                ; 0 LEs                  ; No         ; |fractal|mandelbrot:math|Result                    ;
; 4:1                ; 36 bits   ; 72 LEs        ; 72 LEs               ; 0 LEs                  ; No         ; |fractal|mandelbrot:math|Result                    ;
; 4:1                ; 36 bits   ; 72 LEs        ; 72 LEs               ; 0 LEs                  ; No         ; |fractal|mandelbrot:math|Result                    ;
; 8:1                ; 2 bits    ; 10 LEs        ; 4 LEs                ; 6 LEs                  ; No         ; |fractal|control:ctrl|cur_state                    ;
; 9:1                ; 2 bits    ; 12 LEs        ; 8 LEs                ; 4 LEs                  ; No         ; |fractal|control:ctrl|cur_state                    ;
+--------------------+-----------+---------------+----------------------+------------------------+------------+----------------------------------------------------+


+-----------------------------------------------------------------------------------------------------+
; Source assignments for constMem:memX|altsyncram:altsyncram_component|altsyncram_59p1:auto_generated ;
+---------------------------------+--------------------+------+---------------------------------------+
; Assignment                      ; Value              ; From ; To                                    ;
+---------------------------------+--------------------+------+---------------------------------------+
; OPTIMIZE_POWER_DURING_SYNTHESIS ; NORMAL_COMPILATION ; -    ; -                                     ;
+---------------------------------+--------------------+------+---------------------------------------+


+-----------------------------------------------------------------------------------------------------+
; Source assignments for constMem:memY|altsyncram:altsyncram_component|altsyncram_59p1:auto_generated ;
+---------------------------------+--------------------+------+---------------------------------------+
; Assignment                      ; Value              ; From ; To                                    ;
+---------------------------------+--------------------+------+---------------------------------------+
; OPTIMIZE_POWER_DURING_SYNTHESIS ; NORMAL_COMPILATION ; -    ; -                                     ;
+---------------------------------+--------------------+------+---------------------------------------+


+--------------------------------------------------------------------------------------------+
; Parameter Settings for User Entity Instance: constMem:memX|altsyncram:altsyncram_component ;
+------------------------------------+----------------------+--------------------------------+
; Parameter Name                     ; Value                ; Type                           ;
+------------------------------------+----------------------+--------------------------------+
; BYTE_SIZE_BLOCK                    ; 8                    ; Untyped                        ;
; AUTO_CARRY_CHAINS                  ; ON                   ; AUTO_CARRY                     ;
; IGNORE_CARRY_BUFFERS               ; OFF                  ; IGNORE_CARRY                   ;
; AUTO_CASCADE_CHAINS                ; ON                   ; AUTO_CASCADE                   ;
; IGNORE_CASCADE_BUFFERS             ; OFF                  ; IGNORE_CASCADE                 ;
; WIDTH_BYTEENA                      ; 1                    ; Untyped                        ;
; OPERATION_MODE                     ; DUAL_PORT            ; Untyped                        ;
; WIDTH_A                            ; 36                   ; Signed Integer                 ;
; WIDTHAD_A                          ; 10                   ; Signed Integer                 ;
; NUMWORDS_A                         ; 1024                 ; Signed Integer                 ;
; OUTDATA_REG_A                      ; UNREGISTERED         ; Untyped                        ;
; ADDRESS_ACLR_A                     ; NONE                 ; Untyped                        ;
; OUTDATA_ACLR_A                     ; NONE                 ; Untyped                        ;
; WRCONTROL_ACLR_A                   ; NONE                 ; Untyped                        ;
; INDATA_ACLR_A                      ; NONE                 ; Untyped                        ;
; BYTEENA_ACLR_A                     ; NONE                 ; Untyped                        ;
; WIDTH_B                            ; 36                   ; Signed Integer                 ;
; WIDTHAD_B                          ; 10                   ; Signed Integer                 ;
; NUMWORDS_B                         ; 1024                 ; Signed Integer                 ;
; INDATA_REG_B                       ; CLOCK1               ; Untyped                        ;
; WRCONTROL_WRADDRESS_REG_B          ; CLOCK1               ; Untyped                        ;
; RDCONTROL_REG_B                    ; CLOCK1               ; Untyped                        ;
; ADDRESS_REG_B                      ; CLOCK0               ; Untyped                        ;
; OUTDATA_REG_B                      ; UNREGISTERED         ; Untyped                        ;
; BYTEENA_REG_B                      ; CLOCK1               ; Untyped                        ;
; INDATA_ACLR_B                      ; NONE                 ; Untyped                        ;
; WRCONTROL_ACLR_B                   ; NONE                 ; Untyped                        ;
; ADDRESS_ACLR_B                     ; NONE                 ; Untyped                        ;
; OUTDATA_ACLR_B                     ; NONE                 ; Untyped                        ;
; RDCONTROL_ACLR_B                   ; NONE                 ; Untyped                        ;
; BYTEENA_ACLR_B                     ; NONE                 ; Untyped                        ;
; WIDTH_BYTEENA_A                    ; 1                    ; Signed Integer                 ;
; WIDTH_BYTEENA_B                    ; 1                    ; Untyped                        ;
; RAM_BLOCK_TYPE                     ; AUTO                 ; Untyped                        ;
; BYTE_SIZE                          ; 8                    ; Untyped                        ;
; READ_DURING_WRITE_MODE_MIXED_PORTS ; DONT_CARE            ; Untyped                        ;
; READ_DURING_WRITE_MODE_PORT_A      ; NEW_DATA_NO_NBE_READ ; Untyped                        ;
; READ_DURING_WRITE_MODE_PORT_B      ; NEW_DATA_NO_NBE_READ ; Untyped                        ;
; INIT_FILE                          ; UNUSED               ; Untyped                        ;
; INIT_FILE_LAYOUT                   ; PORT_A               ; Untyped                        ;
; MAXIMUM_DEPTH                      ; 0                    ; Untyped                        ;
; CLOCK_ENABLE_INPUT_A               ; BYPASS               ; Untyped                        ;
; CLOCK_ENABLE_INPUT_B               ; BYPASS               ; Untyped                        ;
; CLOCK_ENABLE_OUTPUT_A              ; BYPASS               ; Untyped                        ;
; CLOCK_ENABLE_OUTPUT_B              ; BYPASS               ; Untyped                        ;
; CLOCK_ENABLE_CORE_A                ; USE_INPUT_CLKEN      ; Untyped                        ;
; CLOCK_ENABLE_CORE_B                ; USE_INPUT_CLKEN      ; Untyped                        ;
; ENABLE_ECC                         ; FALSE                ; Untyped                        ;
; DEVICE_FAMILY                      ; Cyclone II           ; Untyped                        ;
; CBXI_PARAMETER                     ; altsyncram_59p1      ; Untyped                        ;
+------------------------------------+----------------------+--------------------------------+
Note: In order to hide this table in the UI and the text report file, please set the "Show Parameter Settings Tables in Synthesis Report" option in "Analysis and Synthesis Settings -> More Settings" to "Off".


+--------------------------------------------------------------------------------------------+
; Parameter Settings for User Entity Instance: constMem:memY|altsyncram:altsyncram_component ;
+------------------------------------+----------------------+--------------------------------+
; Parameter Name                     ; Value                ; Type                           ;
+------------------------------------+----------------------+--------------------------------+
; BYTE_SIZE_BLOCK                    ; 8                    ; Untyped                        ;
; AUTO_CARRY_CHAINS                  ; ON                   ; AUTO_CARRY                     ;
; IGNORE_CARRY_BUFFERS               ; OFF                  ; IGNORE_CARRY                   ;
; AUTO_CASCADE_CHAINS                ; ON                   ; AUTO_CASCADE                   ;
; IGNORE_CASCADE_BUFFERS             ; OFF                  ; IGNORE_CASCADE                 ;
; WIDTH_BYTEENA                      ; 1                    ; Untyped                        ;
; OPERATION_MODE                     ; DUAL_PORT            ; Untyped                        ;
; WIDTH_A                            ; 36                   ; Signed Integer                 ;
; WIDTHAD_A                          ; 10                   ; Signed Integer                 ;
; NUMWORDS_A                         ; 1024                 ; Signed Integer                 ;
; OUTDATA_REG_A                      ; UNREGISTERED         ; Untyped                        ;
; ADDRESS_ACLR_A                     ; NONE                 ; Untyped                        ;
; OUTDATA_ACLR_A                     ; NONE                 ; Untyped                        ;
; WRCONTROL_ACLR_A                   ; NONE                 ; Untyped                        ;
; INDATA_ACLR_A                      ; NONE                 ; Untyped                        ;
; BYTEENA_ACLR_A                     ; NONE                 ; Untyped                        ;
; WIDTH_B                            ; 36                   ; Signed Integer                 ;
; WIDTHAD_B                          ; 10                   ; Signed Integer                 ;
; NUMWORDS_B                         ; 1024                 ; Signed Integer                 ;
; INDATA_REG_B                       ; CLOCK1               ; Untyped                        ;
; WRCONTROL_WRADDRESS_REG_B          ; CLOCK1               ; Untyped                        ;
; RDCONTROL_REG_B                    ; CLOCK1               ; Untyped                        ;
; ADDRESS_REG_B                      ; CLOCK0               ; Untyped                        ;
; OUTDATA_REG_B                      ; UNREGISTERED         ; Untyped                        ;
; BYTEENA_REG_B                      ; CLOCK1               ; Untyped                        ;
; INDATA_ACLR_B                      ; NONE                 ; Untyped                        ;
; WRCONTROL_ACLR_B                   ; NONE                 ; Untyped                        ;
; ADDRESS_ACLR_B                     ; NONE                 ; Untyped                        ;
; OUTDATA_ACLR_B                     ; NONE                 ; Untyped                        ;
; RDCONTROL_ACLR_B                   ; NONE                 ; Untyped                        ;
; BYTEENA_ACLR_B                     ; NONE                 ; Untyped                        ;
; WIDTH_BYTEENA_A                    ; 1                    ; Signed Integer                 ;
; WIDTH_BYTEENA_B                    ; 1                    ; Untyped                        ;
; RAM_BLOCK_TYPE                     ; AUTO                 ; Untyped                        ;
; BYTE_SIZE                          ; 8                    ; Untyped                        ;
; READ_DURING_WRITE_MODE_MIXED_PORTS ; DONT_CARE            ; Untyped                        ;
; READ_DURING_WRITE_MODE_PORT_A      ; NEW_DATA_NO_NBE_READ ; Untyped                        ;
; READ_DURING_WRITE_MODE_PORT_B      ; NEW_DATA_NO_NBE_READ ; Untyped                        ;
; INIT_FILE                          ; UNUSED               ; Untyped                        ;
; INIT_FILE_LAYOUT                   ; PORT_A               ; Untyped                        ;
; MAXIMUM_DEPTH                      ; 0                    ; Untyped                        ;
; CLOCK_ENABLE_INPUT_A               ; BYPASS               ; Untyped                        ;
; CLOCK_ENABLE_INPUT_B               ; BYPASS               ; Untyped                        ;
; CLOCK_ENABLE_OUTPUT_A              ; BYPASS               ; Untyped                        ;
; CLOCK_ENABLE_OUTPUT_B              ; BYPASS               ; Untyped                        ;
; CLOCK_ENABLE_CORE_A                ; USE_INPUT_CLKEN      ; Untyped                        ;
; CLOCK_ENABLE_CORE_B                ; USE_INPUT_CLKEN      ; Untyped                        ;
; ENABLE_ECC                         ; FALSE                ; Untyped                        ;
; DEVICE_FAMILY                      ; Cyclone II           ; Untyped                        ;
; CBXI_PARAMETER                     ; altsyncram_59p1      ; Untyped                        ;
+------------------------------------+----------------------+--------------------------------+
Note: In order to hide this table in the UI and the text report file, please set the "Show Parameter Settings Tables in Synthesis Report" option in "Analysis and Synthesis Settings -> More Settings" to "Off".


+------------------------------------------------------------------------------+
; Parameter Settings for User Entity Instance: memory_control:memCtrl|VGA:vga0 ;
+-----------------+-------+----------------------------------------------------+
; Parameter Name  ; Value ; Type                                               ;
+-----------------+-------+----------------------------------------------------+
; NUM_HORZ_PIXELS ; 640   ; Signed Integer                                     ;
; NUM_VERT_PIXELS ; 480   ; Signed Integer                                     ;
+-----------------+-------+----------------------------------------------------+
Note: In order to hide this table in the UI and the text report file, please set the "Show Parameter Settings Tables in Synthesis Report" option in "Analysis and Synthesis Settings -> More Settings" to "Off".


+-----------------------------------------------------------------------------------+
; Parameter Settings for Inferred Entity Instance: mandelbrot:math|lpm_mult:Mult0   ;
+------------------------------------------------+------------+---------------------+
; Parameter Name                                 ; Value      ; Type                ;
+------------------------------------------------+------------+---------------------+
; AUTO_CARRY_CHAINS                              ; ON         ; AUTO_CARRY          ;
; IGNORE_CARRY_BUFFERS                           ; OFF        ; IGNORE_CARRY        ;
; AUTO_CASCADE_CHAINS                            ; ON         ; AUTO_CASCADE        ;
; IGNORE_CASCADE_BUFFERS                         ; OFF        ; IGNORE_CASCADE      ;
; LPM_WIDTHA                                     ; 36         ; Untyped             ;
; LPM_WIDTHB                                     ; 36         ; Untyped             ;
; LPM_WIDTHP                                     ; 72         ; Untyped             ;
; LPM_WIDTHR                                     ; 72         ; Untyped             ;
; LPM_WIDTHS                                     ; 1          ; Untyped             ;
; LPM_REPRESENTATION                             ; SIGNED     ; Untyped             ;
; LPM_PIPELINE                                   ; 0          ; Untyped             ;
; LATENCY                                        ; 0          ; Untyped             ;
; INPUT_A_IS_CONSTANT                            ; NO         ; Untyped             ;
; INPUT_B_IS_CONSTANT                            ; NO         ; Untyped             ;
; USE_EAB                                        ; OFF        ; Untyped             ;
; MAXIMIZE_SPEED                                 ; 5          ; Untyped             ;
; DEVICE_FAMILY                                  ; Cyclone II ; Untyped             ;
; CARRY_CHAIN                                    ; MANUAL     ; Untyped             ;
; APEX20K_TECHNOLOGY_MAPPER                      ; LUT        ; TECH_MAPPER_APEX20K ;
; DEDICATED_MULTIPLIER_CIRCUITRY                 ; AUTO       ; Untyped             ;
; DEDICATED_MULTIPLIER_MIN_INPUT_WIDTH_FOR_AUTO  ; 0          ; Untyped             ;
; DEDICATED_MULTIPLIER_MIN_OUTPUT_WIDTH_FOR_AUTO ; 0          ; Untyped             ;
; CBXI_PARAMETER                                 ; mult_p1t   ; Untyped             ;
; INPUT_A_FIXED_VALUE                            ; Bx         ; Untyped             ;
; INPUT_B_FIXED_VALUE                            ; Bx         ; Untyped             ;
; USE_AHDL_IMPLEMENTATION                        ; OFF        ; Untyped             ;
+------------------------------------------------+------------+---------------------+
Note: In order to hide this table in the UI and the text report file, please set the "Show Parameter Settings Tables in Synthesis Report" option in "Analysis and Synthesis Settings -> More Settings" to "Off".


+-----------------------------------------------------------------------------------+
; Parameter Settings for Inferred Entity Instance: mandelbrot:math|lpm_mult:Mult1   ;
+------------------------------------------------+------------+---------------------+
; Parameter Name                                 ; Value      ; Type                ;
+------------------------------------------------+------------+---------------------+
; AUTO_CARRY_CHAINS                              ; ON         ; AUTO_CARRY          ;
; IGNORE_CARRY_BUFFERS                           ; OFF        ; IGNORE_CARRY        ;
; AUTO_CASCADE_CHAINS                            ; ON         ; AUTO_CASCADE        ;
; IGNORE_CASCADE_BUFFERS                         ; OFF        ; IGNORE_CASCADE      ;
; LPM_WIDTHA                                     ; 36         ; Untyped             ;
; LPM_WIDTHB                                     ; 36         ; Untyped             ;
; LPM_WIDTHP                                     ; 72         ; Untyped             ;
; LPM_WIDTHR                                     ; 72         ; Untyped             ;
; LPM_WIDTHS                                     ; 1          ; Untyped             ;
; LPM_REPRESENTATION                             ; SIGNED     ; Untyped             ;
; LPM_PIPELINE                                   ; 0          ; Untyped             ;
; LATENCY                                        ; 0          ; Untyped             ;
; INPUT_A_IS_CONSTANT                            ; NO         ; Untyped             ;
; INPUT_B_IS_CONSTANT                            ; NO         ; Untyped             ;
; USE_EAB                                        ; OFF        ; Untyped             ;
; MAXIMIZE_SPEED                                 ; 5          ; Untyped             ;
; DEVICE_FAMILY                                  ; Cyclone II ; Untyped             ;
; CARRY_CHAIN                                    ; MANUAL     ; Untyped             ;
; APEX20K_TECHNOLOGY_MAPPER                      ; LUT        ; TECH_MAPPER_APEX20K ;
; DEDICATED_MULTIPLIER_CIRCUITRY                 ; AUTO       ; Untyped             ;
; DEDICATED_MULTIPLIER_MIN_INPUT_WIDTH_FOR_AUTO  ; 0          ; Untyped             ;
; DEDICATED_MULTIPLIER_MIN_OUTPUT_WIDTH_FOR_AUTO ; 0          ; Untyped             ;
; CBXI_PARAMETER                                 ; mult_p1t   ; Untyped             ;
; INPUT_A_FIXED_VALUE                            ; Bx         ; Untyped             ;
; INPUT_B_FIXED_VALUE                            ; Bx         ; Untyped             ;
; USE_AHDL_IMPLEMENTATION                        ; OFF        ; Untyped             ;
+------------------------------------------------+------------+---------------------+
Note: In order to hide this table in the UI and the text report file, please set the "Show Parameter Settings Tables in Synthesis Report" option in "Analysis and Synthesis Settings -> More Settings" to "Off".


+-----------------------------------------------------------------------------------+
; Parameter Settings for Inferred Entity Instance: mandelbrot:math|lpm_mult:Mult2   ;
+------------------------------------------------+------------+---------------------+
; Parameter Name                                 ; Value      ; Type                ;
+------------------------------------------------+------------+---------------------+
; AUTO_CARRY_CHAINS                              ; ON         ; AUTO_CARRY          ;
; IGNORE_CARRY_BUFFERS                           ; OFF        ; IGNORE_CARRY        ;
; AUTO_CASCADE_CHAINS                            ; ON         ; AUTO_CASCADE        ;
; IGNORE_CASCADE_BUFFERS                         ; OFF        ; IGNORE_CASCADE      ;
; LPM_WIDTHA                                     ; 36         ; Untyped             ;
; LPM_WIDTHB                                     ; 36         ; Untyped             ;
; LPM_WIDTHP                                     ; 72         ; Untyped             ;
; LPM_WIDTHR                                     ; 72         ; Untyped             ;
; LPM_WIDTHS                                     ; 1          ; Untyped             ;
; LPM_REPRESENTATION                             ; SIGNED     ; Untyped             ;
; LPM_PIPELINE                                   ; 0          ; Untyped             ;
; LATENCY                                        ; 0          ; Untyped             ;
; INPUT_A_IS_CONSTANT                            ; NO         ; Untyped             ;
; INPUT_B_IS_CONSTANT                            ; NO         ; Untyped             ;
; USE_EAB                                        ; OFF        ; Untyped             ;
; MAXIMIZE_SPEED                                 ; 5          ; Untyped             ;
; DEVICE_FAMILY                                  ; Cyclone II ; Untyped             ;
; CARRY_CHAIN                                    ; MANUAL     ; Untyped             ;
; APEX20K_TECHNOLOGY_MAPPER                      ; LUT        ; TECH_MAPPER_APEX20K ;
; DEDICATED_MULTIPLIER_CIRCUITRY                 ; AUTO       ; Untyped             ;
; DEDICATED_MULTIPLIER_MIN_INPUT_WIDTH_FOR_AUTO  ; 0          ; Untyped             ;
; DEDICATED_MULTIPLIER_MIN_OUTPUT_WIDTH_FOR_AUTO ; 0          ; Untyped             ;
; CBXI_PARAMETER                                 ; mult_p1t   ; Untyped             ;
; INPUT_A_FIXED_VALUE                            ; Bx         ; Untyped             ;
; INPUT_B_FIXED_VALUE                            ; Bx         ; Untyped             ;
; USE_AHDL_IMPLEMENTATION                        ; OFF        ; Untyped             ;
+------------------------------------------------+------------+---------------------+
Note: In order to hide this table in the UI and the text report file, please set the "Show Parameter Settings Tables in Synthesis Report" option in "Analysis and Synthesis Settings -> More Settings" to "Off".


+-------------------------------------------------------------------------------------------+
; altsyncram Parameter Settings by Entity Instance                                          ;
+-------------------------------------------+-----------------------------------------------+
; Name                                      ; Value                                         ;
+-------------------------------------------+-----------------------------------------------+
; Number of entity instances                ; 2                                             ;
; Entity Instance                           ; constMem:memX|altsyncram:altsyncram_component ;
;     -- OPERATION_MODE                     ; DUAL_PORT                                     ;
;     -- WIDTH_A                            ; 36                                            ;
;     -- NUMWORDS_A                         ; 1024                                          ;
;     -- OUTDATA_REG_A                      ; UNREGISTERED                                  ;
;     -- WIDTH_B                            ; 36                                            ;
;     -- NUMWORDS_B                         ; 1024                                          ;
;     -- ADDRESS_REG_B                      ; CLOCK0                                        ;
;     -- OUTDATA_REG_B                      ; UNREGISTERED                                  ;
;     -- RAM_BLOCK_TYPE                     ; AUTO                                          ;
;     -- READ_DURING_WRITE_MODE_MIXED_PORTS ; DONT_CARE                                     ;
; Entity Instance                           ; constMem:memY|altsyncram:altsyncram_component ;
;     -- OPERATION_MODE                     ; DUAL_PORT                                     ;
;     -- WIDTH_A                            ; 36                                            ;
;     -- NUMWORDS_A                         ; 1024                                          ;
;     -- OUTDATA_REG_A                      ; UNREGISTERED                                  ;
;     -- WIDTH_B                            ; 36                                            ;
;     -- NUMWORDS_B                         ; 1024                                          ;
;     -- ADDRESS_REG_B                      ; CLOCK0                                        ;
;     -- OUTDATA_REG_B                      ; UNREGISTERED                                  ;
;     -- RAM_BLOCK_TYPE                     ; AUTO                                          ;
;     -- READ_DURING_WRITE_MODE_MIXED_PORTS ; DONT_CARE                                     ;
+-------------------------------------------+-----------------------------------------------+


+------------------------------------------------------------------------+
; lpm_mult Parameter Settings by Entity Instance                         ;
+---------------------------------------+--------------------------------+
; Name                                  ; Value                          ;
+---------------------------------------+--------------------------------+
; Number of entity instances            ; 3                              ;
; Entity Instance                       ; mandelbrot:math|lpm_mult:Mult0 ;
;     -- LPM_WIDTHA                     ; 36                             ;
;     -- LPM_WIDTHB                     ; 36                             ;
;     -- LPM_WIDTHP                     ; 72                             ;
;     -- LPM_REPRESENTATION             ; SIGNED                         ;
;     -- INPUT_A_IS_CONSTANT            ; NO                             ;
;     -- INPUT_B_IS_CONSTANT            ; NO                             ;
;     -- USE_EAB                        ; OFF                            ;
;     -- DEDICATED_MULTIPLIER_CIRCUITRY ; AUTO                           ;
;     -- INPUT_A_FIXED_VALUE            ; Bx                             ;
;     -- INPUT_B_FIXED_VALUE            ; Bx                             ;
; Entity Instance                       ; mandelbrot:math|lpm_mult:Mult1 ;
;     -- LPM_WIDTHA                     ; 36                             ;
;     -- LPM_WIDTHB                     ; 36                             ;
;     -- LPM_WIDTHP                     ; 72                             ;
;     -- LPM_REPRESENTATION             ; SIGNED                         ;
;     -- INPUT_A_IS_CONSTANT            ; NO                             ;
;     -- INPUT_B_IS_CONSTANT            ; NO                             ;
;     -- USE_EAB                        ; OFF                            ;
;     -- DEDICATED_MULTIPLIER_CIRCUITRY ; AUTO                           ;
;     -- INPUT_A_FIXED_VALUE            ; Bx                             ;
;     -- INPUT_B_FIXED_VALUE            ; Bx                             ;
; Entity Instance                       ; mandelbrot:math|lpm_mult:Mult2 ;
;     -- LPM_WIDTHA                     ; 36                             ;
;     -- LPM_WIDTHB                     ; 36                             ;
;     -- LPM_WIDTHP                     ; 72                             ;
;     -- LPM_REPRESENTATION             ; SIGNED                         ;
;     -- INPUT_A_IS_CONSTANT            ; NO                             ;
;     -- INPUT_B_IS_CONSTANT            ; NO                             ;
;     -- USE_EAB                        ; OFF                            ;
;     -- DEDICATED_MULTIPLIER_CIRCUITRY ; AUTO                           ;
;     -- INPUT_A_FIXED_VALUE            ; Bx                             ;
;     -- INPUT_B_FIXED_VALUE            ; Bx                             ;
+---------------------------------------+--------------------------------+


+---------------------------------------------------------------------------------------------------------------------+
; Port Connectivity Checks: "memory_control:memCtrl|VGA:vga0"                                                         ;
+-----------+--------+----------+-------------------------------------------------------------------------------------+
; Port      ; Type   ; Severity ; Details                                                                             ;
+-----------+--------+----------+-------------------------------------------------------------------------------------+
; hcount[0] ; Output ; Info     ; Connected to dangling logic. Logic that only feeds a dangling port will be removed. ;
+-----------+--------+----------+-------------------------------------------------------------------------------------+


+-------------------------------+
; Analysis & Synthesis Messages ;
+-------------------------------+
Info: *******************************************************************
Info: Running Quartus II Analysis & Synthesis
    Info: Version 9.1 Build 350 03/24/2010 Service Pack 2 SJ Web Edition
    Info: Processing started: Wed Jun 24 20:23:14 2015
Info: Command: quartus_map --read_settings_files=on --write_settings_files=off fractal -c fractal
Warning: Can't analyze file -- file vgacon.vhd is missing
Info: Found 2 design units, including 1 entities, in source file memory_control.vhd
    Info: Found design unit 1: memory_control-Behavior_memCtrl
    Info: Found entity 1: memory_control
Info: Found 2 design units, including 1 entities, in source file vga.vhd
    Info: Found design unit 1: VGA-Behavior_VGA
    Info: Found entity 1: VGA
Info: Found 1 design units, including 0 entities, in source file fixed_float_types_c.vhdl
    Info: Found design unit 1: fixed_float_types
Info: Found 2 design units, including 0 entities, in source file fixed_pkg_c.vhdl
    Info: Found design unit 1: fixed_pkg
    Info: Found design unit 2: fixed_pkg-body
Info: Found 2 design units, including 0 entities, in source file float_pkg_c.vhdl
    Info: Found design unit 1: float_pkg
    Info: Found design unit 2: float_pkg-body
Info: Found 2 design units, including 1 entities, in source file mandelbrot.vhd
    Info: Found design unit 1: mandelbrot-Behavior_mandelbrot
    Info: Found entity 1: mandelbrot
Info: Found 2 design units, including 1 entities, in source file control.vhd
    Info: Found design unit 1: control-Behavior_control
    Info: Found entity 1: control
Warning: Can't analyze file -- file Vhdl3.vhd is missing
Info: Found 2 design units, including 1 entities, in source file fractal.vhd
    Info: Found design unit 1: fractal-Behavior_fractal
    Info: Found entity 1: fractal
Info: Found 2 design units, including 1 entities, in source file pll.vhd
    Info: Found design unit 1: pll-SYN
    Info: Found entity 1: pll
Info: Found 2 design units, including 1 entities, in source file constmem.vhd
    Info: Found design unit 1: constmem-SYN
    Info: Found entity 1: constMem
Info: Found 2 design units, including 1 entities, in source file edge.vhd
    Info: Found design unit 1: edge-rtl
    Info: Found entity 1: edge
Info: Elaborating entity "fractal" for the top level hierarchy
Warning (10445): VHDL Subtype or Type Declaration warning at fixed_pkg_c.vhdl(1470): subtype or type has null range
Warning (10445): VHDL Subtype or Type Declaration warning at fixed_pkg_c.vhdl(1471): subtype or type has null range
Warning (10445): VHDL Subtype or Type Declaration warning at fixed_pkg_c.vhdl(1472): subtype or type has null range
Info: Elaborating entity "control" for hierarchy "control:ctrl"
Warning (10445): VHDL Subtype or Type Declaration warning at fixed_pkg_c.vhdl(1470): subtype or type has null range
Warning (10445): VHDL Subtype or Type Declaration warning at fixed_pkg_c.vhdl(1471): subtype or type has null range
Warning (10445): VHDL Subtype or Type Declaration warning at fixed_pkg_c.vhdl(1472): subtype or type has null range
Info: Elaborating entity "edge" for hierarchy "control:ctrl|edge:detector1"
Info: Elaborating entity "constMem" for hierarchy "constMem:memX"
Info: Elaborating entity "altsyncram" for hierarchy "constMem:memX|altsyncram:altsyncram_component"
Info: Elaborated megafunction instantiation "constMem:memX|altsyncram:altsyncram_component"
Info: Instantiated megafunction "constMem:memX|altsyncram:altsyncram_component" with the following parameter:
    Info: Parameter "address_reg_b" = "CLOCK0"
    Info: Parameter "clock_enable_input_a" = "BYPASS"
    Info: Parameter "clock_enable_input_b" = "BYPASS"
    Info: Parameter "clock_enable_output_a" = "BYPASS"
    Info: Parameter "clock_enable_output_b" = "BYPASS"
    Info: Parameter "intended_device_family" = "Cyclone II"
    Info: Parameter "lpm_type" = "altsyncram"
    Info: Parameter "numwords_a" = "1024"
    Info: Parameter "numwords_b" = "1024"
    Info: Parameter "operation_mode" = "DUAL_PORT"
    Info: Parameter "outdata_aclr_b" = "NONE"
    Info: Parameter "outdata_reg_b" = "UNREGISTERED"
    Info: Parameter "power_up_uninitialized" = "FALSE"
    Info: Parameter "read_during_write_mode_mixed_ports" = "DONT_CARE"
    Info: Parameter "widthad_a" = "10"
    Info: Parameter "widthad_b" = "10"
    Info: Parameter "width_a" = "36"
    Info: Parameter "width_b" = "36"
    Info: Parameter "width_byteena_a" = "1"
Info: Found 1 design units, including 1 entities, in source file db/altsyncram_59p1.tdf
    Info: Found entity 1: altsyncram_59p1
Info: Elaborating entity "altsyncram_59p1" for hierarchy "constMem:memX|altsyncram:altsyncram_component|altsyncram_59p1:auto_generated"
Info: Elaborating entity "mandelbrot" for hierarchy "mandelbrot:math"
Warning (10445): VHDL Subtype or Type Declaration warning at fixed_pkg_c.vhdl(1470): subtype or type has null range
Warning (10445): VHDL Subtype or Type Declaration warning at fixed_pkg_c.vhdl(1471): subtype or type has null range
Warning (10445): VHDL Subtype or Type Declaration warning at fixed_pkg_c.vhdl(1472): subtype or type has null range
Warning (10325): VHDL Choice warning at std_1164.vhd(1092): ignored choice containing meta-value "'U'"
Warning (10325): VHDL Choice warning at std_1164.vhd(1092): ignored choice containing meta-value "'X'"
Warning (10325): VHDL Choice warning at std_1164.vhd(1092): ignored choice containing meta-value "'Z'"
Warning (10325): VHDL Choice warning at std_1164.vhd(1092): ignored choice containing meta-value "'W'"
Warning (10325): VHDL Choice warning at std_1164.vhd(1092): ignored choice containing meta-value "'-'"
Warning (10873): Using initial value X (don't care) for net "HEX1[6..1]" at mandelbrot.vhd(11)
Info: Elaborating entity "memory_control" for hierarchy "memory_control:memCtrl"
Warning (10873): Using initial value X (don't care) for net "HEX0[6..2]" at memory_control.vhd(18)
Info: Elaborating entity "VGA" for hierarchy "memory_control:memCtrl|VGA:vga0"
Info: Inferred 3 megafunctions from design logic
    Info: Inferred multiplier megafunction ("lpm_mult") from the following logic: "mandelbrot:math|Mult0"
    Info: Inferred multiplier megafunction ("lpm_mult") from the following logic: "mandelbrot:math|Mult1"
    Info: Inferred multiplier megafunction ("lpm_mult") from the following logic: "mandelbrot:math|Mult2"
Info: Elaborated megafunction instantiation "mandelbrot:math|lpm_mult:Mult0"
Info: Instantiated megafunction "mandelbrot:math|lpm_mult:Mult0" with the following parameter:
    Info: Parameter "LPM_WIDTHA" = "36"
    Info: Parameter "LPM_WIDTHB" = "36"
    Info: Parameter "LPM_WIDTHP" = "72"
    Info: Parameter "LPM_WIDTHR" = "72"
    Info: Parameter "LPM_WIDTHS" = "1"
    Info: Parameter "LPM_REPRESENTATION" = "SIGNED"
    Info: Parameter "INPUT_A_IS_CONSTANT" = "NO"
    Info: Parameter "INPUT_B_IS_CONSTANT" = "NO"
    Info: Parameter "MAXIMIZE_SPEED" = "5"
Info: Found 1 design units, including 1 entities, in source file db/mult_p1t.tdf
    Info: Found entity 1: mult_p1t
Info: Elaborated megafunction instantiation "mandelbrot:math|lpm_mult:Mult2"
Info: Instantiated megafunction "mandelbrot:math|lpm_mult:Mult2" with the following parameter:
    Info: Parameter "LPM_WIDTHA" = "36"
    Info: Parameter "LPM_WIDTHB" = "36"
    Info: Parameter "LPM_WIDTHP" = "72"
    Info: Parameter "LPM_WIDTHR" = "72"
    Info: Parameter "LPM_WIDTHS" = "1"
    Info: Parameter "LPM_REPRESENTATION" = "SIGNED"
    Info: Parameter "INPUT_A_IS_CONSTANT" = "NO"
    Info: Parameter "INPUT_B_IS_CONSTANT" = "NO"
    Info: Parameter "MAXIMIZE_SPEED" = "5"
Info: Ignored 819 buffer(s)
    Info: Ignored 819 SOFT buffer(s)
Warning: Output pins are stuck at VCC or GND
    Warning (13410): Pin "HEX0[0]" is stuck at VCC
    Warning (13410): Pin "HEX0[1]" is stuck at VCC
    Warning (13410): Pin "HEX0[2]" is stuck at GND
    Warning (13410): Pin "HEX0[3]" is stuck at GND
    Warning (13410): Pin "HEX0[4]" is stuck at GND
    Warning (13410): Pin "HEX0[5]" is stuck at GND
    Warning (13410): Pin "HEX0[6]" is stuck at GND
    Warning (13410): Pin "HEX1[0]" is stuck at VCC
    Warning (13410): Pin "HEX1[1]" is stuck at GND
    Warning (13410): Pin "HEX1[2]" is stuck at GND
    Warning (13410): Pin "HEX1[3]" is stuck at GND
    Warning (13410): Pin "HEX1[4]" is stuck at GND
    Warning (13410): Pin "HEX1[5]" is stuck at GND
    Warning (13410): Pin "HEX1[6]" is stuck at GND
Critical Warning: Ignored Power-Up Level option on the following registers
    Critical Warning (18010): Register mandelbrot:math|i[31] will power up to Low
    Critical Warning (18010): Register mandelbrot:math|i[0] will power up to Low
Warning: Design contains 1 input pin(s) that do not drive logic
    Warning (15610): No output dependent on input pin "CLOCK_24[1]"
Info: Implemented 1820 device resources after synthesis - the final resource count might be different
    Info: Implemented 6 input pins
    Info: Implemented 49 output pins
    Info: Implemented 16 bidirectional pins
    Info: Implemented 1653 logic cells
    Info: Implemented 72 RAM segments
    Info: Implemented 24 DSP elements
Info: Quartus II Analysis & Synthesis was successful. 0 errors, 38 warnings
    Info: Peak virtual memory: 278 megabytes
    Info: Processing ended: Wed Jun 24 20:23:22 2015
    Info: Elapsed time: 00:00:08
    Info: Total CPU time (on all processors): 00:00:08


